{"C:\\Users\\Aelion\\Desktop\\devspace\\js-init\\index.js": {"path":"C:\\Users\\Aelion\\Desktop\\devspace\\js-init\\index.js","statementMap":{"0":{"start":{"line":1,"column":29},"end":{"line":4,"column":1}},"1":{"start":{"line":2,"column":17},"end":{"line":2,"column":27}},"2":{"start":{"line":3,"column":2},"end":{"line":3,"column":18}},"3":{"start":{"line":6,"column":18},"end":{"line":6,"column":38}},"4":{"start":{"line":7,"column":20},"end":{"line":10,"column":1}},"5":{"start":{"line":8,"column":20},"end":{"line":8,"column":29}},"6":{"start":{"line":9,"column":2},"end":{"line":9,"column":21}},"7":{"start":{"line":13,"column":20},"end":{"line":15,"column":1}},"8":{"start":{"line":14,"column":2},"end":{"line":14,"column":22}},"9":{"start":{"line":17,"column":30},"end":{"line":33,"column":1}},"10":{"start":{"line":18,"column":2},"end":{"line":25,"column":3}},"11":{"start":{"line":20,"column":4},"end":{"line":24,"column":6}},"12":{"start":{"line":27,"column":18},"end":{"line":27,"column":28}},"13":{"start":{"line":28,"column":2},"end":{"line":28,"column":35}},"14":{"start":{"line":29,"column":2},"end":{"line":29,"column":37}},"15":{"start":{"line":30,"column":2},"end":{"line":30,"column":43}},"16":{"start":{"line":32,"column":2},"end":{"line":32,"column":17}},"17":{"start":{"line":35,"column":20},"end":{"line":41,"column":1}},"18":{"start":{"line":36,"column":20},"end":{"line":36,"column":47}},"19":{"start":{"line":37,"column":4},"end":{"line":37,"column":21}},"20":{"start":{"line":38,"column":4},"end":{"line":38,"column":18}},"21":{"start":{"line":40,"column":4},"end":{"line":40,"column":19}},"22":{"start":{"line":43,"column":20},"end":{"line":59,"column":1}},"23":{"start":{"line":61,"column":0},"end":{"line":69,"column":2}}},"fnMap":{"0":{"name":"(anonymous_0)","decl":{"start":{"line":1,"column":29},"end":{"line":1,"column":30}},"loc":{"start":{"line":1,"column":35},"end":{"line":4,"column":1}},"line":1},"1":{"name":"(anonymous_1)","decl":{"start":{"line":7,"column":20},"end":{"line":7,"column":21}},"loc":{"start":{"line":7,"column":26},"end":{"line":10,"column":1}},"line":7},"2":{"name":"(anonymous_2)","decl":{"start":{"line":13,"column":20},"end":{"line":13,"column":21}},"loc":{"start":{"line":13,"column":31},"end":{"line":15,"column":1}},"line":13},"3":{"name":"(anonymous_3)","decl":{"start":{"line":17,"column":30},"end":{"line":17,"column":31}},"loc":{"start":{"line":17,"column":41},"end":{"line":33,"column":1}},"line":17},"4":{"name":"(anonymous_4)","decl":{"start":{"line":35,"column":20},"end":{"line":35,"column":21}},"loc":{"start":{"line":35,"column":26},"end":{"line":41,"column":1}},"line":35}},"branchMap":{"0":{"loc":{"start":{"line":18,"column":2},"end":{"line":25,"column":3}},"type":"if","locations":[{"start":{"line":18,"column":2},"end":{"line":25,"column":3}},{"start":{},"end":{}}],"line":18}},"s":{"0":2,"1":1,"2":1,"3":2,"4":2,"5":1,"6":1,"7":2,"8":1,"9":2,"10":2,"11":1,"12":1,"13":1,"14":1,"15":1,"16":1,"17":2,"18":8,"19":8,"20":8,"21":8,"22":2,"23":2},"f":{"0":1,"1":1,"2":1,"3":2,"4":8},"b":{"0":[1,1]},"_coverageSchema":"1a1c01bbd47fc00a2c39e90264f33305004495a9","hash":"3b068d42ae201e5de37d13a112ce2b1608f9b199"}
,"C:\\Users\\Aelion\\Desktop\\devspace\\js-init\\_helpers\\builder.class.js": {"path":"C:\\Users\\Aelion\\Desktop\\devspace\\js-init\\_helpers\\builder.class.js","statementMap":{"0":{"start":{"line":3,"column":8},"end":{"line":3,"column":92}}},"fnMap":{"0":{"name":"(anonymous_0)","decl":{"start":{"line":2,"column":4},"end":{"line":2,"column":5}},"loc":{"start":{"line":2,"column":12},"end":{"line":4,"column":5}},"line":2}},"branchMap":{},"s":{"0":0},"f":{"0":0},"b":{},"_coverageSchema":"1a1c01bbd47fc00a2c39e90264f33305004495a9","hash":"f0c3c3d3db5ca3c06e4c1ad6a76e746979c4e2cb"}
,"C:\\Users\\Aelion\\Desktop\\devspace\\js-init\\products\\product-builder.class.js": {"path":"C:\\Users\\Aelion\\Desktop\\devspace\\js-init\\products\\product-builder.class.js","statementMap":{"0":{"start":{"line":14,"column":7},"end":{"line":14,"column":9}},"1":{"start":{"line":20,"column":9},"end":{"line":20,"column":11}},"2":{"start":{"line":26,"column":10},"end":{"line":26,"column":11}},"3":{"start":{"line":36,"column":4},"end":{"line":40,"column":9}},"4":{"start":{"line":37,"column":6},"end":{"line":40,"column":9}},"5":{"start":{"line":42,"column":4},"end":{"line":46,"column":9}},"6":{"start":{"line":43,"column":6},"end":{"line":46,"column":9}},"7":{"start":{"line":48,"column":4},"end":{"line":52,"column":9}},"8":{"start":{"line":49,"column":6},"end":{"line":52,"column":9}},"9":{"start":{"line":54,"column":4},"end":{"line":58,"column":9}},"10":{"start":{"line":55,"column":6},"end":{"line":58,"column":9}},"11":{"start":{"line":60,"column":20},"end":{"line":60,"column":41}},"12":{"start":{"line":61,"column":4},"end":{"line":61,"column":25}},"13":{"start":{"line":62,"column":4},"end":{"line":62,"column":29}},"14":{"start":{"line":63,"column":4},"end":{"line":63,"column":31}},"15":{"start":{"line":65,"column":4},"end":{"line":65,"column":19}}},"fnMap":{"0":{"name":"(anonymous_0)","decl":{"start":{"line":35,"column":2},"end":{"line":35,"column":3}},"loc":{"start":{"line":35,"column":10},"end":{"line":66,"column":3}},"line":35}},"branchMap":{"0":{"loc":{"start":{"line":36,"column":4},"end":{"line":40,"column":9}},"type":"if","locations":[{"start":{"line":36,"column":4},"end":{"line":40,"column":9}},{"start":{},"end":{}}],"line":36},"1":{"loc":{"start":{"line":42,"column":4},"end":{"line":46,"column":9}},"type":"if","locations":[{"start":{"line":42,"column":4},"end":{"line":46,"column":9}},{"start":{},"end":{}}],"line":42},"2":{"loc":{"start":{"line":48,"column":4},"end":{"line":52,"column":9}},"type":"if","locations":[{"start":{"line":48,"column":4},"end":{"line":52,"column":9}},{"start":{},"end":{}}],"line":48},"3":{"loc":{"start":{"line":54,"column":4},"end":{"line":58,"column":9}},"type":"if","locations":[{"start":{"line":54,"column":4},"end":{"line":58,"column":9}},{"start":{},"end":{}}],"line":54}},"s":{"0":8,"1":8,"2":8,"3":19,"4":3,"5":16,"6":3,"7":13,"8":3,"9":10,"10":3,"11":7,"12":7,"13":7,"14":7,"15":7},"f":{"0":19},"b":{"0":[3,16],"1":[3,13],"2":[3,10],"3":[3,7]},"_coverageSchema":"1a1c01bbd47fc00a2c39e90264f33305004495a9","hash":"b0c226af6c8075c69aba4a02492f4087a9073dd9"}
,"C:\\Users\\Aelion\\Desktop\\devspace\\js-init\\products\\product-service.js": {"path":"C:\\Users\\Aelion\\Desktop\\devspace\\js-init\\products\\product-service.js","statementMap":{"0":{"start":{"line":6,"column":27},"end":{"line":6,"column":47}},"1":{"start":{"line":7,"column":4},"end":{"line":12,"column":6}},"2":{"start":{"line":8,"column":8},"end":{"line":8,"column":36}},"3":{"start":{"line":9,"column":8},"end":{"line":9,"column":40}},"4":{"start":{"line":10,"column":8},"end":{"line":10,"column":42}},"5":{"start":{"line":11,"column":8},"end":{"line":11,"column":38}}},"fnMap":{"0":{"name":"(anonymous_0)","decl":{"start":{"line":5,"column":2},"end":{"line":5,"column":3}},"loc":{"start":{"line":5,"column":12},"end":{"line":13,"column":3}},"line":5},"1":{"name":"(anonymous_1)","decl":{"start":{"line":7,"column":23},"end":{"line":7,"column":24}},"loc":{"start":{"line":7,"column":33},"end":{"line":12,"column":5}},"line":7}},"branchMap":{},"s":{"0":2,"1":2,"2":6,"3":6,"4":6,"5":6},"f":{"0":2,"1":6},"b":{},"_coverageSchema":"1a1c01bbd47fc00a2c39e90264f33305004495a9","hash":"ad31dc09c5f54f80891bc38869507aca8914ffd6"}
,"C:\\Users\\Aelion\\Desktop\\devspace\\js-init\\products\\product.class.js": {"path":"C:\\Users\\Aelion\\Desktop\\devspace\\js-init\\products\\product.class.js","statementMap":{"0":{"start":{"line":11,"column":8},"end":{"line":11,"column":10}},"1":{"start":{"line":17,"column":10},"end":{"line":17,"column":12}},"2":{"start":{"line":23,"column":11},"end":{"line":23,"column":12}},"3":{"start":{"line":26,"column":4},"end":{"line":26,"column":76}},"4":{"start":{"line":26,"column":15},"end":{"line":26,"column":76}},"5":{"start":{"line":30,"column":4},"end":{"line":30,"column":20}},"6":{"start":{"line":37,"column":4},"end":{"line":40,"column":6}},"7":{"start":{"line":37,"column":26},"end":{"line":40,"column":6}},"8":{"start":{"line":42,"column":4},"end":{"line":42,"column":18}},"9":{"start":{"line":46,"column":4},"end":{"line":46,"column":22}},"10":{"start":{"line":53,"column":4},"end":{"line":53,"column":22}},"11":{"start":{"line":57,"column":4},"end":{"line":57,"column":23}},"12":{"start":{"line":64,"column":4},"end":{"line":69,"column":5}},"13":{"start":{"line":65,"column":6},"end":{"line":68,"column":9}},"14":{"start":{"line":71,"column":4},"end":{"line":74,"column":7}},"15":{"start":{"line":71,"column":19},"end":{"line":74,"column":7}},"16":{"start":{"line":76,"column":4},"end":{"line":76,"column":24}},"17":{"start":{"line":80,"column":4},"end":{"line":80,"column":29}}},"fnMap":{"0":{"name":"(anonymous_0)","decl":{"start":{"line":25,"column":2},"end":{"line":25,"column":3}},"loc":{"start":{"line":25,"column":27},"end":{"line":27,"column":3}},"line":25},"1":{"name":"(anonymous_1)","decl":{"start":{"line":29,"column":2},"end":{"line":29,"column":3}},"loc":{"start":{"line":29,"column":11},"end":{"line":31,"column":3}},"line":29},"2":{"name":"(anonymous_2)","decl":{"start":{"line":36,"column":2},"end":{"line":36,"column":3}},"loc":{"start":{"line":36,"column":13},"end":{"line":43,"column":3}},"line":36},"3":{"name":"(anonymous_3)","decl":{"start":{"line":45,"column":2},"end":{"line":45,"column":3}},"loc":{"start":{"line":45,"column":13},"end":{"line":47,"column":3}},"line":45},"4":{"name":"(anonymous_4)","decl":{"start":{"line":52,"column":2},"end":{"line":52,"column":3}},"loc":{"start":{"line":52,"column":17},"end":{"line":54,"column":3}},"line":52},"5":{"name":"(anonymous_5)","decl":{"start":{"line":56,"column":2},"end":{"line":56,"column":3}},"loc":{"start":{"line":56,"column":14},"end":{"line":58,"column":3}},"line":56},"6":{"name":"(anonymous_6)","decl":{"start":{"line":63,"column":2},"end":{"line":63,"column":3}},"loc":{"start":{"line":63,"column":19},"end":{"line":77,"column":3}},"line":63},"7":{"name":"(anonymous_7)","decl":{"start":{"line":79,"column":2},"end":{"line":79,"column":3}},"loc":{"start":{"line":79,"column":23},"end":{"line":81,"column":3}},"line":79}},"branchMap":{"0":{"loc":{"start":{"line":25,"column":14},"end":{"line":25,"column":25}},"type":"default-arg","locations":[{"start":{"line":25,"column":21},"end":{"line":25,"column":25}}],"line":25},"1":{"loc":{"start":{"line":26,"column":4},"end":{"line":26,"column":76}},"type":"if","locations":[{"start":{"line":26,"column":4},"end":{"line":26,"column":76}},{"start":{},"end":{}}],"line":26},"2":{"loc":{"start":{"line":37,"column":4},"end":{"line":40,"column":6}},"type":"if","locations":[{"start":{"line":37,"column":4},"end":{"line":40,"column":6}},{"start":{},"end":{}}],"line":37},"3":{"loc":{"start":{"line":64,"column":4},"end":{"line":69,"column":5}},"type":"if","locations":[{"start":{"line":64,"column":4},"end":{"line":69,"column":5}},{"start":{},"end":{}}],"line":64},"4":{"loc":{"start":{"line":71,"column":4},"end":{"line":74,"column":7}},"type":"if","locations":[{"start":{"line":71,"column":4},"end":{"line":74,"column":7}},{"start":{},"end":{}}],"line":71}},"s":{"0":9,"1":9,"2":9,"3":9,"4":0,"5":2,"6":8,"7":0,"8":8,"9":2,"10":8,"11":2,"12":8,"13":0,"14":8,"15":0,"16":8,"17":9},"f":{"0":9,"1":2,"2":8,"3":2,"4":8,"5":2,"6":8,"7":9},"b":{"0":[0],"1":[0,9],"2":[0,8],"3":[0,8],"4":[0,8]},"_coverageSchema":"1a1c01bbd47fc00a2c39e90264f33305004495a9","hash":"49e151f27be5c659b6a734332e6b62197b8a641a"}
,"C:\\Users\\Aelion\\Desktop\\devspace\\js-init\\products\\exceptions\\IdIsEmptyError.js": {"path":"C:\\Users\\Aelion\\Desktop\\devspace\\js-init\\products\\exceptions\\IdIsEmptyError.js","statementMap":{"0":{"start":{"line":2,"column":11},"end":{"line":2,"column":12}},"1":{"start":{"line":5,"column":4},"end":{"line":5,"column":27}},"2":{"start":{"line":6,"column":4},"end":{"line":6,"column":33}}},"fnMap":{"0":{"name":"(anonymous_0)","decl":{"start":{"line":4,"column":2},"end":{"line":4,"column":3}},"loc":{"start":{"line":4,"column":23},"end":{"line":7,"column":3}},"line":4}},"branchMap":{},"s":{"0":3,"1":3,"2":3},"f":{"0":3},"b":{},"_coverageSchema":"1a1c01bbd47fc00a2c39e90264f33305004495a9","hash":"c1c3d871c29db1c144a2a357d35ca43db749e369"}
,"C:\\Users\\Aelion\\Desktop\\devspace\\js-init\\products\\exceptions\\NameIsEmptyError.js": {"path":"C:\\Users\\Aelion\\Desktop\\devspace\\js-init\\products\\exceptions\\NameIsEmptyError.js","statementMap":{"0":{"start":{"line":2,"column":11},"end":{"line":2,"column":12}},"1":{"start":{"line":5,"column":4},"end":{"line":5,"column":27}},"2":{"start":{"line":6,"column":4},"end":{"line":6,"column":33}}},"fnMap":{"0":{"name":"(anonymous_0)","decl":{"start":{"line":4,"column":2},"end":{"line":4,"column":3}},"loc":{"start":{"line":4,"column":23},"end":{"line":7,"column":3}},"line":4}},"branchMap":{},"s":{"0":3,"1":3,"2":3},"f":{"0":3},"b":{},"_coverageSchema":"1a1c01bbd47fc00a2c39e90264f33305004495a9","hash":"93f54f09ddaf22455403d8250bd1d9e5c8434925"}
,"C:\\Users\\Aelion\\Desktop\\devspace\\js-init\\products\\exceptions\\StockNegativeError.js": {"path":"C:\\Users\\Aelion\\Desktop\\devspace\\js-init\\products\\exceptions\\StockNegativeError.js","statementMap":{"0":{"start":{"line":2,"column":11},"end":{"line":2,"column":12}},"1":{"start":{"line":5,"column":4},"end":{"line":5,"column":27}},"2":{"start":{"line":6,"column":4},"end":{"line":6,"column":33}}},"fnMap":{"0":{"name":"(anonymous_0)","decl":{"start":{"line":4,"column":2},"end":{"line":4,"column":3}},"loc":{"start":{"line":4,"column":23},"end":{"line":7,"column":3}},"line":4}},"branchMap":{},"s":{"0":3,"1":3,"2":3},"f":{"0":3},"b":{},"_coverageSchema":"1a1c01bbd47fc00a2c39e90264f33305004495a9","hash":"1dcbb7e9e4b3b0ab3028c5081caff945c60fa46e"}
,"C:\\Users\\Aelion\\Desktop\\devspace\\js-init\\products\\exceptions\\StockNotValidError.js": {"path":"C:\\Users\\Aelion\\Desktop\\devspace\\js-init\\products\\exceptions\\StockNotValidError.js","statementMap":{"0":{"start":{"line":2,"column":11},"end":{"line":2,"column":12}},"1":{"start":{"line":5,"column":4},"end":{"line":5,"column":27}},"2":{"start":{"line":6,"column":4},"end":{"line":6,"column":33}}},"fnMap":{"0":{"name":"(anonymous_0)","decl":{"start":{"line":4,"column":2},"end":{"line":4,"column":3}},"loc":{"start":{"line":4,"column":23},"end":{"line":7,"column":3}},"line":4}},"branchMap":{},"s":{"0":3,"1":3,"2":3},"f":{"0":3},"b":{},"_coverageSchema":"1a1c01bbd47fc00a2c39e90264f33305004495a9","hash":"b1103c988a66f5ff75df155b7ffd3da031597b06"}
,"C:\\Users\\Aelion\\Desktop\\devspace\\js-init\\products\\exceptions\\product-errors.js": {"path":"C:\\Users\\Aelion\\Desktop\\devspace\\js-init\\products\\exceptions\\product-errors.js","statementMap":{"0":{"start":{"line":2,"column":24},"end":{"line":2,"column":29}},"1":{"start":{"line":3,"column":26},"end":{"line":3,"column":31}},"2":{"start":{"line":4,"column":27},"end":{"line":4,"column":32}},"3":{"start":{"line":5,"column":28},"end":{"line":5,"column":33}},"4":{"start":{"line":8,"column":4},"end":{"line":8,"column":38}},"5":{"start":{"line":12,"column":4},"end":{"line":12,"column":40}},"6":{"start":{"line":16,"column":4},"end":{"line":16,"column":41}},"7":{"start":{"line":20,"column":4},"end":{"line":20,"column":42}}},"fnMap":{"0":{"name":"(anonymous_0)","decl":{"start":{"line":7,"column":2},"end":{"line":7,"column":3}},"loc":{"start":{"line":7,"column":27},"end":{"line":9,"column":3}},"line":7},"1":{"name":"(anonymous_1)","decl":{"start":{"line":11,"column":2},"end":{"line":11,"column":3}},"loc":{"start":{"line":11,"column":29},"end":{"line":13,"column":3}},"line":11},"2":{"name":"(anonymous_2)","decl":{"start":{"line":15,"column":2},"end":{"line":15,"column":3}},"loc":{"start":{"line":15,"column":30},"end":{"line":17,"column":3}},"line":15},"3":{"name":"(anonymous_3)","decl":{"start":{"line":19,"column":2},"end":{"line":19,"column":3}},"loc":{"start":{"line":19,"column":31},"end":{"line":21,"column":3}},"line":19}},"branchMap":{},"s":{"0":3,"1":3,"2":3,"3":3,"4":4,"5":4,"6":4,"7":4},"f":{"0":4,"1":4,"2":4,"3":4},"b":{},"_coverageSchema":"1a1c01bbd47fc00a2c39e90264f33305004495a9","hash":"12518587c80db22d1c5dc714bcd935394469858a"}
}
