TN:
SF:index.js
FN:1,(anonymous_0)
FN:7,(anonymous_1)
FN:13,(anonymous_2)
FN:17,(anonymous_3)
FN:35,(anonymous_4)
FNF:5
FNH:5
FNDA:1,(anonymous_0)
FNDA:1,(anonymous_1)
FNDA:1,(anonymous_2)
FNDA:2,(anonymous_3)
FNDA:8,(anonymous_4)
DA:1,2
DA:2,1
DA:3,1
DA:6,2
DA:7,2
DA:8,1
DA:9,1
DA:13,2
DA:14,1
DA:17,2
DA:18,2
DA:20,1
DA:27,1
DA:28,1
DA:29,1
DA:30,1
DA:32,1
DA:35,2
DA:36,8
DA:37,8
DA:38,8
DA:40,8
DA:43,2
DA:61,2
LF:24
LH:24
BRDA:18,0,0,1
BRDA:18,0,1,1
BRF:2
BRH:2
end_of_record
TN:
SF:_helpers\builder.class.js
FN:2,(anonymous_0)
FNF:1
FNH:0
FNDA:0,(anonymous_0)
DA:3,0
LF:1
LH:0
BRF:0
BRH:0
end_of_record
TN:
SF:products\product-builder.class.js
FN:35,(anonymous_0)
FNF:1
FNH:1
FNDA:19,(anonymous_0)
DA:14,8
DA:20,8
DA:26,8
DA:36,19
DA:37,3
DA:42,16
DA:43,3
DA:48,13
DA:49,3
DA:54,10
DA:55,3
DA:60,7
DA:61,7
DA:62,7
DA:63,7
DA:65,7
LF:16
LH:16
BRDA:36,0,0,3
BRDA:36,0,1,16
BRDA:42,1,0,3
BRDA:42,1,1,13
BRDA:48,2,0,3
BRDA:48,2,1,10
BRDA:54,3,0,3
BRDA:54,3,1,7
BRF:8
BRH:8
end_of_record
TN:
SF:products\product-service.js
FN:5,(anonymous_0)
FN:7,(anonymous_1)
FNF:2
FNH:2
FNDA:2,(anonymous_0)
FNDA:6,(anonymous_1)
DA:6,2
DA:7,2
DA:8,6
DA:9,6
DA:10,6
DA:11,6
LF:6
LH:6
BRF:0
BRH:0
end_of_record
TN:
SF:products\product.class.js
FN:25,(anonymous_0)
FN:29,(anonymous_1)
FN:36,(anonymous_2)
FN:45,(anonymous_3)
FN:52,(anonymous_4)
FN:56,(anonymous_5)
FN:63,(anonymous_6)
FN:79,(anonymous_7)
FNF:8
FNH:8
FNDA:9,(anonymous_0)
FNDA:2,(anonymous_1)
FNDA:8,(anonymous_2)
FNDA:2,(anonymous_3)
FNDA:8,(anonymous_4)
FNDA:2,(anonymous_5)
FNDA:8,(anonymous_6)
FNDA:9,(anonymous_7)
DA:11,9
DA:17,9
DA:23,9
DA:26,9
DA:30,2
DA:37,8
DA:42,8
DA:46,2
DA:53,8
DA:57,2
DA:64,8
DA:65,0
DA:71,8
DA:76,8
DA:80,9
LF:15
LH:14
BRDA:25,0,0,0
BRDA:26,1,0,0
BRDA:26,1,1,9
BRDA:37,2,0,0
BRDA:37,2,1,8
BRDA:64,3,0,0
BRDA:64,3,1,8
BRDA:71,4,0,0
BRDA:71,4,1,8
BRF:9
BRH:4
end_of_record
TN:
SF:products\exceptions\IdIsEmptyError.js
FN:4,(anonymous_0)
FNF:1
FNH:1
FNDA:3,(anonymous_0)
DA:2,3
DA:5,3
DA:6,3
LF:3
LH:3
BRF:0
BRH:0
end_of_record
TN:
SF:products\exceptions\NameIsEmptyError.js
FN:4,(anonymous_0)
FNF:1
FNH:1
FNDA:3,(anonymous_0)
DA:2,3
DA:5,3
DA:6,3
LF:3
LH:3
BRF:0
BRH:0
end_of_record
TN:
SF:products\exceptions\StockNegativeError.js
FN:4,(anonymous_0)
FNF:1
FNH:1
FNDA:3,(anonymous_0)
DA:2,3
DA:5,3
DA:6,3
LF:3
LH:3
BRF:0
BRH:0
end_of_record
TN:
SF:products\exceptions\StockNotValidError.js
FN:4,(anonymous_0)
FNF:1
FNH:1
FNDA:3,(anonymous_0)
DA:2,3
DA:5,3
DA:6,3
LF:3
LH:3
BRF:0
BRH:0
end_of_record
TN:
SF:products\exceptions\product-errors.js
FN:7,(anonymous_0)
FN:11,(anonymous_1)
FN:15,(anonymous_2)
FN:19,(anonymous_3)
FNF:4
FNH:4
FNDA:4,(anonymous_0)
FNDA:4,(anonymous_1)
FNDA:4,(anonymous_2)
FNDA:4,(anonymous_3)
DA:2,3
DA:3,3
DA:4,3
DA:5,3
DA:8,4
DA:12,4
DA:16,4
DA:20,4
LF:8
LH:8
BRF:0
BRH:0
end_of_record
